--- Startup times for process: Primary (or UI client) ---

times in msec
 clock   self+sourced   self:  sourced script
 clock   elapsed:              other lines

000.001  000.001: --- NVIM STARTING ---
000.110  000.110: event init
000.169  000.058: early init
000.207  000.038: locale set
000.229  000.023: init first window
000.428  000.198: inits 1
000.432  000.004: window checked
000.462  000.030: parsing arguments
000.751  000.024  000.024: require('vim.shared')
000.803  000.023  000.023: require('vim.inspect')
000.827  000.019  000.019: require('vim._options')
000.830  000.077  000.034: require('vim._editor')
000.853  000.023  000.023: require('vim._system')
000.854  000.142  000.018: require('vim._init_packages')
000.855  000.251: init lua interpreter
002.333  001.479: nvim_ui_attach
002.505  000.172: nvim_set_client_info
002.506  000.001: --- NVIM STARTED ---

--- Startup times for process: Embedded ---

times in msec
 clock   self+sourced   self:  sourced script
 clock   elapsed:              other lines

000.000  000.000: --- NVIM STARTING ---
000.058  000.058: event init
000.096  000.038: early init
000.117  000.020: locale set
000.129  000.012: init first window
000.293  000.164: inits 1
000.301  000.008: window checked
000.328  000.027: parsing arguments
000.598  000.022  000.022: require('vim.shared')
000.651  000.022  000.022: require('vim.inspect')
000.674  000.018  000.018: require('vim._options')
000.676  000.077  000.036: require('vim._editor')
000.691  000.014  000.014: require('vim._system')
000.692  000.128  000.015: require('vim._init_packages')
000.692  000.236: init lua interpreter
000.727  000.034: expanding arguments
000.735  000.009: inits 2
000.883  000.148: init highlight
000.884  000.000: waiting for UI
000.988  000.105: done waiting for UI
000.996  000.007: clear screen
001.067  000.007  000.007: require('vim.keymap')
001.497  000.079  000.079: sourcing nvim_exec2()
001.567  000.571  000.485: require('vim._defaults')
001.568  000.002: init default mappings & autocommands
001.780  000.030  000.030: sourcing /opt/nvim-linux-x86_64/share/nvim/runtime/ftplugin.vim
001.801  000.011  000.011: sourcing /opt/nvim-linux-x86_64/share/nvim/runtime/indent.vim
002.224  000.263  000.263: require('lazy')
002.237  000.007  000.007: require('ffi')
002.261  000.012  000.012: require('vim.fs')
002.314  000.051  000.051: require('vim.uri')
002.320  000.081  000.018: require('vim.loader')
002.389  000.060  000.060: require('lazy.stats')
002.453  000.049  000.049: require('lazy.core.util')
002.504  000.050  000.050: require('lazy.core.config')
002.581  000.027  000.027: require('lazy.core.handler')
002.705  000.027  000.027: require('lazy.pkg')
002.708  000.093  000.066: require('lazy.core.meta')
002.711  000.129  000.036: require('lazy.core.plugin')
002.714  000.210  000.053: require('lazy.core.loader')
002.815  000.036  000.036: require('lazy.core.fragments')
004.755  000.027  000.027: require('lazy.core.handler.keys')
004.800  000.021  000.021: require('lazy.core.handler.event')
004.801  000.043  000.022: require('lazy.core.handler.ft')
004.817  000.016  000.016: require('lazy.core.handler.cmd')
005.072  000.055  000.055: sourcing nvim_exec2() called at /opt/nvim-linux-x86_64/share/nvim/runtime/filetype.lua:0
005.074  000.082  000.027: sourcing /opt/nvim-linux-x86_64/share/nvim/runtime/filetype.lua
005.076  000.100  000.018: sourcing nvim_exec2() called at /home/andreas/.dotfiles/nvim/.config/nvim/init.lua:0
005.177  000.001  000.001: sourcing nvim_exec2() called at /home/andreas/.dotfiles/nvim/.config/nvim/init.lua:0
005.181  000.000  000.000: sourcing nvim_exec2() called at /home/andreas/.dotfiles/nvim/.config/nvim/init.lua:0
005.674  000.370  000.370: require('gruvbox')
005.812  000.002  000.002: sourcing nvim_exec2() called at /home/andreas/.dotfiles/nvim/.config/nvim/init.lua:0
005.822  000.001  000.001: sourcing nvim_exec2() called at /home/andreas/.dotfiles/nvim/.config/nvim/init.lua:0
005.902  000.001  000.001: sourcing nvim_exec2() called at /home/andreas/.dotfiles/nvim/.config/nvim/init.lua:0
005.910  000.000  000.000: sourcing nvim_exec2() called at /home/andreas/.dotfiles/nvim/.config/nvim/init.lua:0
006.436  000.208  000.208: require('vim.lsp.protocol')
006.449  000.260  000.052: require('vim.lsp.log')
006.544  000.094  000.094: require('vim.lsp.util')
006.586  000.018  000.018: require('vim.lsp.sync')
006.589  000.043  000.025: require('vim.lsp._changetracking')
006.652  000.036  000.036: require('vim.lsp._transport')
006.672  000.002  000.002: require('string.buffer')
006.673  000.020  000.018: require('vim._stringbuffer')
006.691  000.101  000.045: require('vim.lsp.rpc')
006.726  000.708  000.210: require('vim.lsp')
006.882  000.155  000.155: require('lspconfig.util')
006.890  000.924  000.060: sourcing /home/andreas/.local/share/nvim/lazy/nvim-lspconfig/plugin/lspconfig.lua
006.892  000.935  000.011: sourcing nvim_exec2() called at /home/andreas/.dotfiles/nvim/.config/nvim/init.lua:0
006.897  000.002  000.002: sourcing nvim_exec2() called at /home/andreas/.dotfiles/nvim/.config/nvim/init.lua:0
006.901  000.001  000.001: sourcing nvim_exec2() called at /home/andreas/.dotfiles/nvim/.config/nvim/init.lua:0
006.988  000.021  000.021: require('lspconfig.async')
006.989  000.064  000.043: require('lspconfig.configs')
006.992  000.089  000.025: require('lspconfig')
007.091  000.019  000.019: require('cmp_nvim_lsp.source')
007.092  000.050  000.031: require('cmp_nvim_lsp')
007.163  000.051  000.051: require('vim.iter')
007.168  000.073  000.022: require('lspconfig.configs.ts_ls')
007.410  000.039  000.039: require('lspconfig.manager')
007.428  000.016  000.016: require('lspconfig.configs.intelephense')
007.523  000.025  000.025: require('lspconfig.configs.lua_ls')
007.585  000.020  000.020: require('lspconfig.configs.gopls')
007.696  000.106  000.106: require('lspconfig/util')
007.803  000.029  000.029: require('lspconfig.configs.yamlls')
007.890  000.041  000.041: require('lspconfig.configs.dockerls')
007.970  000.033  000.033: require('lspconfig.configs.html')
008.047  000.038  000.038: require('lspconfig.configs.cssls')
008.103  000.025  000.025: require('lspconfig.configs.bashls')
008.160  000.023  000.023: require('lspconfig.configs.groovyls')
008.208  000.024  000.024: require('lspconfig.configs.sqlls')
008.409  000.002  000.002: sourcing nvim_exec2() called at /home/andreas/.dotfiles/nvim/.config/nvim/init.lua:0
008.415  000.001  000.001: sourcing nvim_exec2() called at /home/andreas/.dotfiles/nvim/.config/nvim/init.lua:0
008.423  000.001  000.001: sourcing nvim_exec2() called at /home/andreas/.dotfiles/nvim/.config/nvim/init.lua:0
008.426  000.000  000.000: sourcing nvim_exec2() called at /home/andreas/.dotfiles/nvim/.config/nvim/init.lua:0
008.759  000.040  000.040: require('nio.tasks')
008.793  000.031  000.031: require('nio.control')
008.898  000.104  000.104: require('nio.uv')
008.925  000.026  000.026: require('nio.tests')
009.005  000.052  000.052: require('vim.ui')
009.009  000.084  000.031: require('nio.ui')
009.060  000.027  000.027: require('nio.streams')
009.062  000.052  000.025: require('nio.file')
009.130  000.020  000.020: require('nio.util')
009.151  000.065  000.045: require('nio.logger')
009.155  000.092  000.027: require('nio.lsp')
009.178  000.022  000.022: require('nio.process')
009.184  000.504  000.053: require('nio')
009.555  000.110  000.110: require('dap.utils')
009.585  000.400  000.290: require('dap')
009.764  000.024  000.024: require('vim.health')
009.765  000.041  000.017: require('vim.deprecated.health')
009.844  000.009  000.009: sourcing nvim_exec2() called at /home/andreas/.dotfiles/nvim/.config/nvim/init.lua:0
009.846  000.029  000.019: require('dapui.config.highlights')
009.883  000.025  000.025: sourcing nvim_exec2() called at /home/andreas/.dotfiles/nvim/.config/nvim/init.lua:0
009.909  000.259  000.164: require('dapui.config')
009.912  000.285  000.026: require('dapui.util')
009.933  000.021  000.021: require('dapui.windows.layout')
009.935  000.349  000.044: require('dapui.windows')
009.954  000.018  000.018: require('dapui.controls')
009.957  001.486  000.214: require('dapui')
010.081  000.011  000.011: sourcing nvim_exec2() called at /home/andreas/.dotfiles/nvim/.config/nvim/init.lua:0
010.180  000.030  000.030: require('dapui.client.types')
010.182  000.062  000.032: require('dapui.client')
010.201  000.018  000.018: require('dap.breakpoints')
010.220  000.015  000.015: require('dapui.client.lib')
010.257  000.019  000.019: require('dapui.render.canvas')
010.258  000.033  000.014: require('dapui.elements.breakpoints')
010.283  000.017  000.017: require('dapui.components.breakpoints')
010.303  000.012  000.012: require('dapui.elements.repl')
010.316  000.012  000.012: require('dapui.elements.scopes')
010.337  000.013  000.013: require('dapui.components.scopes')
010.352  000.014  000.014: require('dapui.components.variables')
010.368  000.012  000.012: require('dapui.elements.stacks')
010.413  000.012  000.012: require('dapui.components.frames')
010.430  000.042  000.029: require('dapui.components.threads')
010.449  000.013  000.013: require('dapui.elements.watches')
010.467  000.014  000.014: require('dapui.components.watches')
010.491  000.019  000.019: require('dapui.elements.hover')
010.508  000.012  000.012: require('dapui.components.hover')
010.523  000.013  000.013: require('dapui.elements.console')
010.629  000.034  000.034: sourcing /home/andreas/.local/share/nvim/lazy/nvim-dap/plugin/dap.lua
010.631  000.047  000.014: sourcing nvim_exec2() called at /home/andreas/.dotfiles/nvim/.config/nvim/init.lua:0
010.651  000.001  000.001: sourcing nvim_exec2() called at /home/andreas/.dotfiles/nvim/.config/nvim/init.lua:0
010.655  000.001  000.001: sourcing nvim_exec2() called at /home/andreas/.dotfiles/nvim/.config/nvim/init.lua:0
011.169  000.002  000.002: sourcing nvim_exec2() called at /home/andreas/.dotfiles/nvim/.config/nvim/init.lua:0
011.173  000.001  000.001: sourcing nvim_exec2() called at /home/andreas/.dotfiles/nvim/.config/nvim/init.lua:0
011.324  000.019  000.019: require('mason-core.path')
011.390  000.040  000.040: require('mason-core.functional')
011.424  000.013  000.013: require('mason-core.functional.data')
011.427  000.032  000.019: require('mason-core.functional.function')
011.456  000.023  000.023: require('mason-core.functional.relation')
011.482  000.022  000.022: require('mason-core.functional.logic')
011.487  000.162  000.045: require('mason-core.platform')
011.508  000.020  000.020: require('mason.settings')
011.509  000.314  000.114: require('mason')
011.606  000.024  000.024: require('mason-core.functional.list')
011.627  000.020  000.020: require('mason-core.functional.string')
011.637  000.087  000.043: require('mason.api.command')
011.661  000.022  000.022: require('mason-registry.sources')
011.739  000.029  000.029: require('mason-core.log')
011.740  000.045  000.016: require('mason-core.EventEmitter')
011.757  000.017  000.017: require('mason-core.optional')
011.798  000.022  000.022: require('mason-core.async')
011.814  000.015  000.015: require('mason-core.async.uv')
011.817  000.059  000.022: require('mason-core.fs')
011.824  001.167  000.620: require('mason-registry')
011.866  000.018  000.018: require('mason-core.result')
011.950  000.050  000.050: require('mason-core.process')
011.978  000.027  000.027: require('mason-core.spawn')
011.980  000.096  000.019: require('mason-core.managers.powershell')
011.994  000.013  000.013: require('mason.version')
011.995  000.128  000.019: require('mason-core.fetch')
012.012  000.016  000.016: require('mason-core.providers')
012.126  000.025  000.025: require('mason-core.functional.table')
012.161  000.106  000.081: require('mason-core.purl')
012.170  000.143  000.038: require('mason-core.package')
012.424  000.041  000.041: require('mason-core.installer.registry.expr')
012.433  000.124  000.082: require('mason-core.installer.registry.link')
012.716  000.048  000.048: require('mason-core.receipt')
012.733  000.127  000.080: require('mason-core.installer.context')
012.771  000.036  000.036: require('mason-core.async.control')
012.808  000.037  000.037: require('mason-core.installer.linker')
012.812  000.280  000.080: require('mason-core.installer')
012.833  000.376  000.096: require('mason-core.installer.managers.std')
012.835  000.402  000.026: require('mason-core.installer.registry.schemas')
012.862  000.026  000.026: require('mason-core.installer.registry.util')
012.871  000.700  000.149: require('mason-core.installer.registry')
012.874  000.861  000.018: require('mason-registry.sources.util')
012.880  001.055  000.030: require('mason-registry.sources.github')
015.224  000.034  000.034: require('mason-core.functional.type')
017.870  000.181  000.181: require('mason-tool-installer')
017.883  000.245  000.064: sourcing /home/andreas/.local/share/nvim/lazy/mason-tool-installer.nvim/plugin/mason-tool-installer.lua
017.889  000.266  000.021: sourcing nvim_exec2() called at /home/andreas/.dotfiles/nvim/.config/nvim/init.lua:0
017.895  000.002  000.002: sourcing nvim_exec2() called at /home/andreas/.dotfiles/nvim/.config/nvim/init.lua:0
017.901  000.001  000.001: sourcing nvim_exec2() called at /home/andreas/.dotfiles/nvim/.config/nvim/init.lua:0
018.140  000.002  000.002: sourcing nvim_exec2() called at /home/andreas/.dotfiles/nvim/.config/nvim/init.lua:0
018.145  000.000  000.000: sourcing nvim_exec2() called at /home/andreas/.dotfiles/nvim/.config/nvim/init.lua:0
018.287  000.034  000.034: require('mason-lspconfig.settings')
018.289  000.128  000.094: require('mason-lspconfig')
018.342  000.023  000.023: require('mason-lspconfig.notify')
018.344  000.051  000.028: require('mason-lspconfig.lspconfig_hook')
018.417  000.072  000.072: require('mason-lspconfig.mappings.server')
018.453  000.034  000.034: require('mason-lspconfig.server_config_extensions')
018.513  000.059  000.059: require('lspconfig.configs.omnisharp')
018.583  000.031  000.031: require('mason-lspconfig.ensure_installed')
020.440  000.005  000.005: require('vim.F')
020.659  000.032  000.032: require('mason-core.functional.number')
020.673  000.086  000.055: require('mason-lspconfig.api.command')
020.676  002.668  002.199: require('mason-lspconfig')
021.072  000.003  000.003: sourcing nvim_exec2() called at /home/andreas/.dotfiles/nvim/.config/nvim/init.lua:0
021.078  000.001  000.001: sourcing nvim_exec2() called at /home/andreas/.dotfiles/nvim/.config/nvim/init.lua:0
021.154  000.001  000.001: sourcing nvim_exec2() called at /home/andreas/.dotfiles/nvim/.config/nvim/init.lua:0
021.158  000.000  000.000: sourcing nvim_exec2() called at /home/andreas/.dotfiles/nvim/.config/nvim/init.lua:0
021.257  000.001  000.001: sourcing nvim_exec2() called at /home/andreas/.dotfiles/nvim/.config/nvim/init.lua:0
021.262  000.000  000.000: sourcing nvim_exec2() called at /home/andreas/.dotfiles/nvim/.config/nvim/init.lua:0
021.361  000.001  000.001: sourcing nvim_exec2() called at /home/andreas/.dotfiles/nvim/.config/nvim/init.lua:0
021.365  000.000  000.000: sourcing nvim_exec2() called at /home/andreas/.dotfiles/nvim/.config/nvim/init.lua:0
021.448  000.001  000.001: sourcing nvim_exec2() called at /home/andreas/.dotfiles/nvim/.config/nvim/init.lua:0
021.452  000.000  000.000: sourcing nvim_exec2() called at /home/andreas/.dotfiles/nvim/.config/nvim/init.lua:0
022.684  001.081  001.081: require('vim.filetype')
022.969  000.025  000.025: require('luasnip.util.types')
022.973  000.058  000.034: require('luasnip.util.ext_opts')
023.073  000.034  000.034: require('luasnip.util.lazy_table')
023.098  000.024  000.024: require('luasnip.extras.filetype_functions')
023.108  000.108  000.050: require('luasnip.default_config')
023.109  000.136  000.028: require('luasnip.session')
023.111  000.356  000.162: require('luasnip.config')
023.520  000.342  000.342: require('luasnip.util.util')
023.752  000.135  000.135: require('luasnip.nodes.key_indexer')
023.825  000.072  000.072: require('luasnip.util.feedkeys')
023.835  000.314  000.107: require('luasnip.nodes.util')
024.036  000.113  000.113: require('luasnip.session.snippet_collection.source')
024.103  000.066  000.066: require('luasnip.util.table')
024.140  000.036  000.036: require('luasnip.util.auto_table')
024.148  000.312  000.097: require('luasnip.session.snippet_collection')
024.312  000.071  000.071: require('luasnip.util.select')
024.343  000.029  000.029: require('luasnip.util.time')
024.580  000.392  000.291: require('luasnip.util._builtin_vars')
024.600  000.451  000.059: require('luasnip.util.environ')
024.619  000.019  000.019: require('luasnip.util.extend_decorator')
024.668  000.029  000.029: require('luasnip.util.path')
024.717  000.027  000.027: require('luasnip.util.log')
024.720  000.051  000.023: require('luasnip.loaders.util')
024.735  000.015  000.015: require('luasnip.loaders.data')
024.776  000.040  000.040: require('luasnip.loaders.fs_watchers')
024.778  000.158  000.023: require('luasnip.loaders')
024.786  001.671  000.075: require('luasnip')
024.795  003.238  000.131: sourcing /home/andreas/.local/share/nvim/lazy/LuaSnip/plugin/luasnip.lua
024.798  003.252  000.014: sourcing nvim_exec2() called at /home/andreas/.dotfiles/nvim/.config/nvim/init.lua:0
024.847  000.017  000.017: sourcing /home/andreas/.local/share/nvim/lazy/LuaSnip/plugin/luasnip.vim
024.848  000.031  000.014: sourcing nvim_exec2() called at /home/andreas/.dotfiles/nvim/.config/nvim/init.lua:0
024.851  000.001  000.001: sourcing nvim_exec2() called at /home/andreas/.dotfiles/nvim/.config/nvim/init.lua:0
024.856  000.001  000.001: sourcing nvim_exec2() called at /home/andreas/.dotfiles/nvim/.config/nvim/init.lua:0
024.944  000.001  000.001: sourcing nvim_exec2() called at /home/andreas/.dotfiles/nvim/.config/nvim/init.lua:0
024.949  000.000  000.000: sourcing nvim_exec2() called at /home/andreas/.dotfiles/nvim/.config/nvim/init.lua:0
025.012  000.021  000.021: require('cmp.utils.api')
025.042  000.015  000.015: require('cmp.types.cmp')
025.081  000.019  000.019: require('cmp.utils.misc')
025.088  000.044  000.026: require('cmp.types.lsp')
025.100  000.012  000.012: require('cmp.types.vim')
025.101  000.088  000.017: require('cmp.types')
025.113  000.012  000.012: require('cmp.utils.highlight')
025.140  000.012  000.012: require('cmp.utils.debug')
025.143  000.029  000.017: require('cmp.utils.autocmd')
025.504  000.005  000.005: sourcing nvim_exec2() called at /home/andreas/.local/share/nvim/lazy/nvim-cmp/plugin/cmp.lua:0
025.506  000.536  000.381: sourcing /home/andreas/.local/share/nvim/lazy/nvim-cmp/plugin/cmp.lua
025.508  000.545  000.009: sourcing nvim_exec2() called at /home/andreas/.dotfiles/nvim/.config/nvim/init.lua:0
025.511  000.001  000.001: sourcing nvim_exec2() called at /home/andreas/.dotfiles/nvim/.config/nvim/init.lua:0
025.515  000.001  000.001: sourcing nvim_exec2() called at /home/andreas/.dotfiles/nvim/.config/nvim/init.lua:0
025.636  000.024  000.024: require('cmp.utils.char')
025.640  000.041  000.017: require('cmp.utils.str')
025.683  000.011  000.011: require('cmp.utils.buffer')
025.687  000.034  000.023: require('cmp.utils.keymap')
025.688  000.048  000.014: require('cmp.utils.feedkeys')
025.738  000.017  000.017: require('cmp.config.mapping')
025.750  000.012  000.012: require('cmp.utils.cache')
025.784  000.016  000.016: require('cmp.config.compare')
025.785  000.033  000.017: require('cmp.config.default')
025.794  000.088  000.025: require('cmp.config')
025.798  000.110  000.022: require('cmp.utils.async')
025.823  000.011  000.011: require('cmp.utils.pattern')
025.825  000.026  000.014: require('cmp.context')
025.903  000.039  000.039: require('cmp.utils.snippet')
025.917  000.014  000.014: require('cmp.matcher')
025.920  000.078  000.025: require('cmp.entry')
025.924  000.098  000.021: require('cmp.source')
025.952  000.012  000.012: require('cmp.utils.event')
025.994  000.011  000.011: require('cmp.utils.options')
025.996  000.029  000.018: require('cmp.utils.window')
025.997  000.044  000.015: require('cmp.view.docs_view')
026.021  000.024  000.024: require('cmp.view.custom_entries_view')
026.041  000.019  000.019: require('cmp.view.wildmenu_entries_view')
026.058  000.017  000.017: require('cmp.view.native_entries_view')
026.084  000.025  000.025: require('cmp.view.ghost_text_view')
026.088  000.164  000.024: require('cmp.view')
026.297  000.724  000.238: require('cmp.core')
026.380  000.017  000.017: require('cmp.config.sources')
026.393  000.012  000.012: require('cmp.config.window')
026.417  000.900  000.146: require('cmp')
026.744  000.021  000.021: sourcing /home/andreas/.local/share/nvim/lazy/nvim-web-devicons/plugin/nvim-web-devicons.vim
026.746  000.034  000.013: sourcing nvim_exec2() called at /home/andreas/.dotfiles/nvim/.config/nvim/init.lua:0
026.749  000.001  000.001: sourcing nvim_exec2() called at /home/andreas/.dotfiles/nvim/.config/nvim/init.lua:0
026.753  000.000  000.000: sourcing nvim_exec2() called at /home/andreas/.dotfiles/nvim/.config/nvim/init.lua:0
026.757  000.000  000.000: sourcing nvim_exec2() called at /home/andreas/.dotfiles/nvim/.config/nvim/init.lua:0
026.762  000.000  000.000: sourcing nvim_exec2() called at /home/andreas/.dotfiles/nvim/.config/nvim/init.lua:0
026.932  000.019  000.019: require('lualine_require')
027.080  000.282  000.263: require('lualine')
027.121  000.006  000.006: sourcing nvim_exec2() called at /home/andreas/.dotfiles/nvim/.config/nvim/init.lua:0
027.358  000.027  000.027: require('lualine.highlight')
027.819  000.006  000.006: sourcing nvim_exec2() called at /home/andreas/.dotfiles/nvim/.config/nvim/init.lua:0
027.862  000.002  000.002: sourcing nvim_exec2() called at /home/andreas/.dotfiles/nvim/.config/nvim/init.lua:0
027.877  000.002  000.002: sourcing nvim_exec2() called at /home/andreas/.dotfiles/nvim/.config/nvim/init.lua:0
027.892  000.001  000.001: sourcing nvim_exec2() called at /home/andreas/.dotfiles/nvim/.config/nvim/init.lua:0
027.907  000.001  000.001: sourcing nvim_exec2() called at /home/andreas/.dotfiles/nvim/.config/nvim/init.lua:0
027.923  000.001  000.001: sourcing nvim_exec2() called at /home/andreas/.dotfiles/nvim/.config/nvim/init.lua:0
027.942  000.001  000.001: sourcing nvim_exec2() called at /home/andreas/.dotfiles/nvim/.config/nvim/init.lua:0
027.963  000.001  000.001: sourcing nvim_exec2() called at /home/andreas/.dotfiles/nvim/.config/nvim/init.lua:0
027.976  000.001  000.001: sourcing nvim_exec2() called at /home/andreas/.dotfiles/nvim/.config/nvim/init.lua:0
027.991  000.002  000.002: sourcing nvim_exec2() called at /home/andreas/.dotfiles/nvim/.config/nvim/init.lua:0
028.004  000.001  000.001: sourcing nvim_exec2() called at /home/andreas/.dotfiles/nvim/.config/nvim/init.lua:0
028.018  000.001  000.001: sourcing nvim_exec2() called at /home/andreas/.dotfiles/nvim/.config/nvim/init.lua:0
028.041  000.001  000.001: sourcing nvim_exec2() called at /home/andreas/.dotfiles/nvim/.config/nvim/init.lua:0
028.055  000.001  000.001: sourcing nvim_exec2() called at /home/andreas/.dotfiles/nvim/.config/nvim/init.lua:0
028.068  000.001  000.001: sourcing nvim_exec2() called at /home/andreas/.dotfiles/nvim/.config/nvim/init.lua:0
028.082  000.001  000.001: sourcing nvim_exec2() called at /home/andreas/.dotfiles/nvim/.config/nvim/init.lua:0
028.096  000.001  000.001: sourcing nvim_exec2() called at /home/andreas/.dotfiles/nvim/.config/nvim/init.lua:0
028.109  000.001  000.001: sourcing nvim_exec2() called at /home/andreas/.dotfiles/nvim/.config/nvim/init.lua:0
028.123  000.001  000.001: sourcing nvim_exec2() called at /home/andreas/.dotfiles/nvim/.config/nvim/init.lua:0
028.136  000.001  000.001: sourcing nvim_exec2() called at /home/andreas/.dotfiles/nvim/.config/nvim/init.lua:0
028.150  000.001  000.001: sourcing nvim_exec2() called at /home/andreas/.dotfiles/nvim/.config/nvim/init.lua:0
028.157  000.007  000.007: sourcing nvim_exec2() called at /home/andreas/.dotfiles/nvim/.config/nvim/init.lua:0
028.657  000.022  000.022: require('lualine.utils.mode')
028.828  000.033  000.033: sourcing nvim_exec2() called at /home/andreas/.dotfiles/nvim/.config/nvim/init.lua:0
028.833  000.003  000.003: sourcing nvim_exec2() called at /home/andreas/.dotfiles/nvim/.config/nvim/init.lua:0
028.975  000.004  000.004: sourcing nvim_exec2() called at /home/andreas/.dotfiles/nvim/.config/nvim/init.lua:0
028.991  000.001  000.001: sourcing nvim_exec2() called at /home/andreas/.dotfiles/nvim/.config/nvim/init.lua:0
029.006  000.001  000.001: sourcing nvim_exec2() called at /home/andreas/.dotfiles/nvim/.config/nvim/init.lua:0
029.020  000.001  000.001: sourcing nvim_exec2() called at /home/andreas/.dotfiles/nvim/.config/nvim/init.lua:0
029.034  000.001  000.001: sourcing nvim_exec2() called at /home/andreas/.dotfiles/nvim/.config/nvim/init.lua:0
029.048  000.001  000.001: sourcing nvim_exec2() called at /home/andreas/.dotfiles/nvim/.config/nvim/init.lua:0
029.062  000.001  000.001: sourcing nvim_exec2() called at /home/andreas/.dotfiles/nvim/.config/nvim/init.lua:0
029.077  000.001  000.001: sourcing nvim_exec2() called at /home/andreas/.dotfiles/nvim/.config/nvim/init.lua:0
029.091  000.001  000.001: sourcing nvim_exec2() called at /home/andreas/.dotfiles/nvim/.config/nvim/init.lua:0
029.108  000.001  000.001: sourcing nvim_exec2() called at /home/andreas/.dotfiles/nvim/.config/nvim/init.lua:0
029.137  000.001  000.001: sourcing nvim_exec2() called at /home/andreas/.dotfiles/nvim/.config/nvim/init.lua:0
029.153  000.001  000.001: sourcing nvim_exec2() called at /home/andreas/.dotfiles/nvim/.config/nvim/init.lua:0
029.169  000.001  000.001: sourcing nvim_exec2() called at /home/andreas/.dotfiles/nvim/.config/nvim/init.lua:0
029.191  000.001  000.001: sourcing nvim_exec2() called at /home/andreas/.dotfiles/nvim/.config/nvim/init.lua:0
029.207  000.001  000.001: sourcing nvim_exec2() called at /home/andreas/.dotfiles/nvim/.config/nvim/init.lua:0
029.220  000.001  000.001: sourcing nvim_exec2() called at /home/andreas/.dotfiles/nvim/.config/nvim/init.lua:0
029.234  000.001  000.001: sourcing nvim_exec2() called at /home/andreas/.dotfiles/nvim/.config/nvim/init.lua:0
029.265  000.001  000.001: sourcing nvim_exec2() called at /home/andreas/.dotfiles/nvim/.config/nvim/init.lua:0
029.279  000.001  000.001: sourcing nvim_exec2() called at /home/andreas/.dotfiles/nvim/.config/nvim/init.lua:0
029.303  000.001  000.001: sourcing nvim_exec2() called at /home/andreas/.dotfiles/nvim/.config/nvim/init.lua:0
029.316  000.001  000.001: sourcing nvim_exec2() called at /home/andreas/.dotfiles/nvim/.config/nvim/init.lua:0
029.383  000.004  000.004: sourcing nvim_exec2() called at /home/andreas/.dotfiles/nvim/.config/nvim/init.lua:0
029.386  000.001  000.001: sourcing nvim_exec2() called at /home/andreas/.dotfiles/nvim/.config/nvim/init.lua:0
029.388  000.001  000.001: sourcing nvim_exec2() called at /home/andreas/.dotfiles/nvim/.config/nvim/init.lua:0
029.392  000.002  000.002: sourcing nvim_exec2() called at /home/andreas/.dotfiles/nvim/.config/nvim/init.lua:0
030.380  000.009  000.009: sourcing nvim_exec2() called at /home/andreas/.dotfiles/nvim/.config/nvim/init.lua:0
030.398  000.002  000.002: sourcing nvim_exec2() called at /home/andreas/.dotfiles/nvim/.config/nvim/init.lua:0
030.414  000.001  000.001: sourcing nvim_exec2() called at /home/andreas/.dotfiles/nvim/.config/nvim/init.lua:0
030.428  000.001  000.001: sourcing nvim_exec2() called at /home/andreas/.dotfiles/nvim/.config/nvim/init.lua:0
030.442  000.001  000.001: sourcing nvim_exec2() called at /home/andreas/.dotfiles/nvim/.config/nvim/init.lua:0
030.456  000.001  000.001: sourcing nvim_exec2() called at /home/andreas/.dotfiles/nvim/.config/nvim/init.lua:0
030.481  000.001  000.001: sourcing nvim_exec2() called at /home/andreas/.dotfiles/nvim/.config/nvim/init.lua:0
030.499  000.003  000.003: sourcing nvim_exec2() called at /home/andreas/.dotfiles/nvim/.config/nvim/init.lua:0
030.513  000.001  000.001: sourcing nvim_exec2() called at /home/andreas/.dotfiles/nvim/.config/nvim/init.lua:0
030.527  000.001  000.001: sourcing nvim_exec2() called at /home/andreas/.dotfiles/nvim/.config/nvim/init.lua:0
030.541  000.001  000.001: sourcing nvim_exec2() called at /home/andreas/.dotfiles/nvim/.config/nvim/init.lua:0
030.555  000.001  000.001: sourcing nvim_exec2() called at /home/andreas/.dotfiles/nvim/.config/nvim/init.lua:0
030.570  000.002  000.002: sourcing nvim_exec2() called at /home/andreas/.dotfiles/nvim/.config/nvim/init.lua:0
030.583  000.001  000.001: sourcing nvim_exec2() called at /home/andreas/.dotfiles/nvim/.config/nvim/init.lua:0
030.599  000.001  000.001: sourcing nvim_exec2() called at /home/andreas/.dotfiles/nvim/.config/nvim/init.lua:0
030.612  000.001  000.001: sourcing nvim_exec2() called at /home/andreas/.dotfiles/nvim/.config/nvim/init.lua:0
030.626  000.001  000.001: sourcing nvim_exec2() called at /home/andreas/.dotfiles/nvim/.config/nvim/init.lua:0
030.639  000.001  000.001: sourcing nvim_exec2() called at /home/andreas/.dotfiles/nvim/.config/nvim/init.lua:0
030.654  000.001  000.001: sourcing nvim_exec2() called at /home/andreas/.dotfiles/nvim/.config/nvim/init.lua:0
030.667  000.001  000.001: sourcing nvim_exec2() called at /home/andreas/.dotfiles/nvim/.config/nvim/init.lua:0
030.681  000.001  000.001: sourcing nvim_exec2() called at /home/andreas/.dotfiles/nvim/.config/nvim/init.lua:0
030.711  000.001  000.001: sourcing nvim_exec2() called at /home/andreas/.dotfiles/nvim/.config/nvim/init.lua:0
030.724  000.001  000.001: sourcing nvim_exec2() called at /home/andreas/.dotfiles/nvim/.config/nvim/init.lua:0
030.748  000.001  000.001: sourcing nvim_exec2() called at /home/andreas/.dotfiles/nvim/.config/nvim/init.lua:0
030.766  000.001  000.001: sourcing nvim_exec2() called at /home/andreas/.dotfiles/nvim/.config/nvim/init.lua:0
030.779  000.001  000.001: sourcing nvim_exec2() called at /home/andreas/.dotfiles/nvim/.config/nvim/init.lua:0
030.793  000.001  000.001: sourcing nvim_exec2() called at /home/andreas/.dotfiles/nvim/.config/nvim/init.lua:0
030.807  000.001  000.001: sourcing nvim_exec2() called at /home/andreas/.dotfiles/nvim/.config/nvim/init.lua:0
031.091  000.018  000.018: require('Comment.config')
031.156  000.039  000.039: require('Comment.ft')
031.158  000.066  000.027: require('Comment.utils')
031.176  000.017  000.017: require('Comment.opfunc')
031.192  000.016  000.016: require('Comment.extra')
031.194  000.268  000.151: require('Comment.api')
031.225  000.323  000.055: sourcing /home/andreas/.local/share/nvim/lazy/Comment.nvim/plugin/Comment.lua
031.226  000.336  000.013: sourcing nvim_exec2() called at /home/andreas/.dotfiles/nvim/.config/nvim/init.lua:0
031.231  000.001  000.001: sourcing nvim_exec2() called at /home/andreas/.dotfiles/nvim/.config/nvim/init.lua:0
031.235  000.001  000.001: sourcing nvim_exec2() called at /home/andreas/.dotfiles/nvim/.config/nvim/init.lua:0
031.259  000.001  000.001: sourcing nvim_exec2() called at /home/andreas/.dotfiles/nvim/.config/nvim/init.lua:0
031.262  000.000  000.000: sourcing nvim_exec2() called at /home/andreas/.dotfiles/nvim/.config/nvim/init.lua:0
031.482  000.025  000.025: require('nvim-tree.log')
031.559  000.021  000.021: require('nvim-tree.notify')
031.562  000.042  000.020: require('nvim-tree.events')
031.616  000.020  000.020: require('nvim-tree.iterators.node-iterator')
031.631  000.068  000.048: require('nvim-tree.utils')
031.637  000.154  000.044: require('nvim-tree.view')
031.699  000.016  000.016: require('nvim-tree.core')
031.738  000.019  000.019: require('nvim-tree.git.utils')
031.752  000.013  000.013: require('nvim-tree.renderer.components.devicons')
031.781  000.013  000.013: require('nvim-tree.classic')
031.783  000.031  000.018: require('nvim-tree.node')
031.786  000.087  000.024: require('nvim-tree.node.directory')
031.788  000.119  000.017: require('nvim-tree.actions.finders.find-file')
031.813  000.025  000.025: require('nvim-tree.actions.finders.search-node')
031.814  000.160  000.015: require('nvim-tree.actions.finders')
031.890  000.045  000.045: require('nvim-tree.node.file')
031.891  000.062  000.018: require('nvim-tree.actions.fs.create-file')
031.928  000.017  000.017: require('nvim-tree.lib')
031.965  000.023  000.023: require('nvim-tree.node.link')
031.969  000.040  000.018: require('nvim-tree.node.directory-link')
031.971  000.079  000.021: require('nvim-tree.actions.fs.remove-file')
031.991  000.019  000.019: require('nvim-tree.actions.fs.rename-file')
032.009  000.018  000.018: require('nvim-tree.actions.fs.trash')
032.010  000.196  000.017: require('nvim-tree.actions.fs')
032.061  000.019  000.019: require('nvim-tree.diagnostics')
032.062  000.037  000.018: require('nvim-tree.actions.moves.item')
032.076  000.013  000.013: require('nvim-tree.actions.moves.parent')
032.090  000.013  000.013: require('nvim-tree.actions.moves.sibling')
032.091  000.080  000.017: require('nvim-tree.actions.moves')
032.123  000.016  000.016: require('nvim-tree.actions.node.file-popup')
032.151  000.028  000.028: require('nvim-tree.actions.node.open-file')
032.166  000.014  000.014: require('nvim-tree.actions.node.run-command')
032.182  000.015  000.015: require('nvim-tree.actions.node.system-open')
032.196  000.013  000.013: require('nvim-tree.actions.node.buffer')
032.197  000.105  000.018: require('nvim-tree.actions.node')
032.228  000.017  000.017: require('nvim-tree.actions.root.change-dir')
032.242  000.013  000.013: require('nvim-tree.actions.root.dir-up')
032.253  000.055  000.026: require('nvim-tree.actions.root')
032.283  000.015  000.015: require('nvim-tree.actions.tree.find-file')
032.312  000.014  000.014: require('nvim-tree.actions.tree.modifiers.collapse-all')
032.339  000.027  000.027: require('nvim-tree.actions.tree.modifiers.expand-all')
032.340  000.056  000.015: require('nvim-tree.actions.tree.modifiers')
032.374  000.034  000.034: require('nvim-tree.actions.tree.open')
032.391  000.016  000.016: require('nvim-tree.actions.tree.toggle')
032.404  000.012  000.012: require('nvim-tree.actions.tree.resize')
032.404  000.151  000.018: require('nvim-tree.actions.tree')
032.405  000.767  000.020: require('nvim-tree.actions')
032.526  000.116  000.116: require('vim.diagnostic')
032.539  001.236  000.172: require('nvim-tree')
032.562  000.018  000.018: require('nvim-tree.legacy')
032.903  000.009  000.009: sourcing nvim_exec2() called at /home/andreas/.dotfiles/nvim/.config/nvim/init.lua:0
032.908  000.002  000.002: sourcing nvim_exec2() called at /home/andreas/.dotfiles/nvim/.config/nvim/init.lua:0
032.947  000.031  000.031: require('nvim-tree.keymap')
032.984  000.037  000.037: require('nvim-tree.appearance')
033.208  000.016  000.016: require('nvim-tree.buffers')
033.255  000.023  000.023: require('nvim-tree.git.runner')
033.277  000.021  000.021: require('nvim-tree.watcher')
033.280  000.072  000.027: require('nvim-tree.git')
033.311  000.018  000.018: require('nvim-tree.node.file-link')
033.313  000.032  000.014: require('nvim-tree.node.factory')
033.328  000.014  000.014: require('nvim-tree.node.root')
033.506  000.157  000.157: require('nvim-tree.enum')
033.509  000.180  000.024: require('nvim-tree.explorer.filters')
033.572  000.062  000.062: require('nvim-tree.marks')
033.645  000.073  000.073: require('nvim-tree.explorer.live-filter')
033.702  000.056  000.056: require('nvim-tree.explorer.sorter')
033.760  000.058  000.058: require('nvim-tree.actions.fs.clipboard')
033.967  000.052  000.052: require('nvim-tree.renderer.decorator')
033.975  000.117  000.066: require('nvim-tree.renderer.decorator.bookmarks')
034.002  000.026  000.026: require('nvim-tree.renderer.decorator.copied')
034.027  000.025  000.025: require('nvim-tree.renderer.decorator.cut')
034.058  000.030  000.030: require('nvim-tree.renderer.decorator.diagnostics')
034.113  000.054  000.054: require('nvim-tree.renderer.decorator.git')
034.143  000.029  000.029: require('nvim-tree.renderer.decorator.hidden')
034.188  000.045  000.045: require('nvim-tree.renderer.decorator.modified')
034.210  000.021  000.021: require('nvim-tree.renderer.decorator.opened')
034.230  000.020  000.020: require('nvim-tree.renderer.decorator.user')
034.264  000.033  000.033: require('nvim-tree.renderer.components.padding')
034.269  000.462  000.062: require('nvim-tree.renderer.builder')
034.272  000.512  000.050: require('nvim-tree.renderer')
034.287  001.138  000.063: require('nvim-tree.explorer')
034.319  000.031  000.031: require('nvim-tree.explorer.watch')
034.417  000.062  000.062: require('nvim-tree.renderer.components.full-name')
034.419  000.085  000.023: require('nvim-tree.renderer.components')
034.514  000.052  000.052: require('nvim-web-devicons.filetypes')
034.706  000.154  000.154: require('nvim-web-devicons.default.icons_by_filename')
035.087  000.380  000.380: require('nvim-web-devicons.default.icons_by_file_extension')
035.150  000.062  000.062: require('nvim-web-devicons.default.icons_by_operating_system')
035.175  000.025  000.025: require('nvim-web-devicons.default.icons_by_desktop_environment')
035.199  000.023  000.023: require('nvim-web-devicons.default.icons_by_window_manager')
035.200  000.668  000.025: require('nvim-web-devicons.icons-default')
035.323  000.902  000.182: require('nvim-web-devicons')
036.646  000.047  000.047: require('nvim-tree.help')
036.723  000.035  000.035: require('nvim-tree.appearance.hi-test')
036.762  000.114  000.079: require('nvim-tree.api')
036.818  000.038  000.038: require('nvim-tree.commands')
036.953  000.024  000.024: sourcing /home/andreas/.local/share/nvim/lazy/nvim-spectre/plugin/spectre.lua
036.955  000.038  000.014: sourcing nvim_exec2() called at /home/andreas/.dotfiles/nvim/.config/nvim/init.lua:0
036.959  000.001  000.001: sourcing nvim_exec2() called at /home/andreas/.dotfiles/nvim/.config/nvim/init.lua:0
036.963  000.001  000.001: sourcing nvim_exec2() called at /home/andreas/.dotfiles/nvim/.config/nvim/init.lua:0
037.358  000.038  000.038: require('nvim-ts-autotag._log')
037.380  000.020  000.020: require('nvim-ts-autotag.config.init')
037.786  000.046  000.046: require('vim.treesitter.language')
037.803  000.016  000.016: require('vim.func')
037.830  000.026  000.026: require('vim.treesitter._range')
037.857  000.024  000.024: require('vim.func._memoize')
037.877  000.295  000.182: require('vim.treesitter.query')
037.888  000.374  000.080: require('vim.treesitter.languagetree')
037.893  000.426  000.051: require('vim.treesitter')
037.896  000.455  000.029: require('nvim-ts-autotag.utils')
037.898  000.483  000.028: require('nvim-ts-autotag.config.ft')
037.901  000.521  000.038: require('nvim-ts-autotag.config.plugin')
037.907  000.630  000.051: require('nvim-ts-autotag.internal')
037.908  000.750  000.120: require('nvim-ts-autotag')
038.367  000.049  000.049: require('treesitter-context.config')
038.376  000.198  000.149: require('treesitter-context')
038.410  000.258  000.060: sourcing /home/andreas/.local/share/nvim/lazy/nvim-treesitter-context/plugin/treesitter-context.lua
038.412  000.270  000.012: sourcing nvim_exec2() called at /home/andreas/.local/share/nvim/lazy/nvim-ts-autotag/plugin/nvim-ts-autotag.lua:0
038.417  000.002  000.002: sourcing nvim_exec2() called at /home/andreas/.local/share/nvim/lazy/nvim-ts-autotag/plugin/nvim-ts-autotag.lua:0
038.423  000.001  000.001: sourcing nvim_exec2() called at /home/andreas/.local/share/nvim/lazy/nvim-ts-autotag/plugin/nvim-ts-autotag.lua:0
038.448  000.001  000.001: sourcing nvim_exec2() called at /home/andreas/.local/share/nvim/lazy/nvim-ts-autotag/plugin/nvim-ts-autotag.lua:0
038.463  000.000  000.000: sourcing nvim_exec2() called at /home/andreas/.local/share/nvim/lazy/nvim-ts-autotag/plugin/nvim-ts-autotag.lua:0
038.974  000.267  000.267: require('nvim-treesitter.utils')
040.348  001.374  001.374: require('nvim-treesitter.parsers')
040.437  000.015  000.015: require('nvim-treesitter.compat')
040.476  000.023  000.023: require('nvim-treesitter.ts_utils')
040.478  000.040  000.017: require('nvim-treesitter.tsrange')
040.494  000.016  000.016: require('nvim-treesitter.caching')
040.499  000.096  000.026: require('nvim-treesitter.query')
040.506  000.130  000.034: require('nvim-treesitter.configs')
040.508  000.158  000.028: require('nvim-treesitter.info')
040.534  000.025  000.025: require('nvim-treesitter.shell_command_selectors')
040.545  002.009  000.185: require('nvim-treesitter.install')
040.560  000.014  000.014: require('nvim-treesitter.statusline')
040.580  000.019  000.019: require('nvim-treesitter.query_predicates')
040.581  002.066  000.025: require('nvim-treesitter')
040.888  002.395  000.328: sourcing /home/andreas/.local/share/nvim/lazy/nvim-treesitter/plugin/nvim-treesitter.lua
040.890  002.406  000.012: sourcing nvim_exec2() called at /home/andreas/.local/share/nvim/lazy/nvim-ts-autotag/plugin/nvim-ts-autotag.lua:0
040.894  000.001  000.001: sourcing nvim_exec2() called at /home/andreas/.local/share/nvim/lazy/nvim-ts-autotag/plugin/nvim-ts-autotag.lua:0
040.900  000.001  000.001: sourcing nvim_exec2() called at /home/andreas/.local/share/nvim/lazy/nvim-ts-autotag/plugin/nvim-ts-autotag.lua:0
042.236  000.024  000.024: require('nvim-treesitter.highlight')
042.332  000.024  000.024: require('nvim-treesitter.indent')
042.342  004.434  001.704: require('nvim-treesitter')
042.367  005.226  000.042: sourcing /home/andreas/.local/share/nvim/lazy/nvim-ts-autotag/plugin/nvim-ts-autotag.lua
042.369  005.236  000.010: sourcing nvim_exec2() called at /home/andreas/.dotfiles/nvim/.config/nvim/init.lua:0
042.373  000.002  000.002: sourcing nvim_exec2() called at /home/andreas/.dotfiles/nvim/.config/nvim/init.lua:0
042.391  000.001  000.001: sourcing nvim_exec2() called at /home/andreas/.dotfiles/nvim/.config/nvim/init.lua:0
042.498  000.063  000.063: sourcing /home/andreas/.local/share/nvim/lazy/vim-tmux-navigator/plugin/tmux_navigator.vim
042.500  000.075  000.012: sourcing nvim_exec2() called at /home/andreas/.dotfiles/nvim/.config/nvim/init.lua:0
042.502  000.001  000.001: sourcing nvim_exec2() called at /home/andreas/.dotfiles/nvim/.config/nvim/init.lua:0
042.506  000.001  000.001: sourcing nvim_exec2() called at /home/andreas/.dotfiles/nvim/.config/nvim/init.lua:0
042.641  000.001  000.001: sourcing nvim_exec2() called at /home/andreas/.dotfiles/nvim/.config/nvim/init.lua:0
042.645  000.000  000.000: sourcing nvim_exec2() called at /home/andreas/.dotfiles/nvim/.config/nvim/init.lua:0
042.803  000.025  000.025: require('gitsigns.async')
042.823  000.020  000.020: require('gitsigns.debug.log')
042.866  000.042  000.042: require('gitsigns.config')
042.868  000.222  000.134: require('gitsigns')
042.976  000.075  000.075: require('gitsigns.highlight')
043.225  000.020  000.020: require('gitsigns.debounce')
043.333  000.031  000.031: sourcing /home/andreas/.local/share/nvim/lazy/vim-bbye/plugin/bbye.vim
043.335  000.043  000.012: sourcing nvim_exec2() called at /home/andreas/.dotfiles/nvim/.config/nvim/init.lua:0
043.338  000.001  000.001: sourcing nvim_exec2() called at /home/andreas/.dotfiles/nvim/.config/nvim/init.lua:0
043.342  000.001  000.001: sourcing nvim_exec2() called at /home/andreas/.dotfiles/nvim/.config/nvim/init.lua:0
043.459  000.001  000.001: sourcing nvim_exec2() called at /home/andreas/.dotfiles/nvim/.config/nvim/init.lua:0
043.462  000.000  000.000: sourcing nvim_exec2() called at /home/andreas/.dotfiles/nvim/.config/nvim/init.lua:0
043.644  000.014  000.014: require('bufferline.lazy')
043.671  000.025  000.025: require('bufferline.commands')
043.718  000.046  000.046: require('bufferline.config')
043.720  000.248  000.164: require('bufferline')
043.795  000.032  000.032: require('bufferline.utils')
043.796  000.073  000.042: require('bufferline.groups')
043.819  000.016  000.016: require('bufferline.constants')
043.834  000.014  000.014: require('bufferline.colors')
043.919  000.024  000.024: require('bufferline.highlights')
044.332  000.023  000.023: require('vim.version')
044.873  000.586  000.563: require('bufferline.hover')
044.978  000.039  000.039: require('bufferline.ui')
045.192  000.015  000.015: sourcing /home/andreas/.local/share/nvim/lazy/plenary.nvim/plugin/plenary.vim
045.194  000.028  000.013: sourcing nvim_exec2() called at /home/andreas/.dotfiles/nvim/.config/nvim/init.lua:0
045.197  000.001  000.001: sourcing nvim_exec2() called at /home/andreas/.dotfiles/nvim/.config/nvim/init.lua:0
045.201  000.001  000.001: sourcing nvim_exec2() called at /home/andreas/.dotfiles/nvim/.config/nvim/init.lua:0
045.318  000.001  000.001: sourcing nvim_exec2() called at /home/andreas/.dotfiles/nvim/.config/nvim/init.lua:0
045.323  000.000  000.000: sourcing nvim_exec2() called at /home/andreas/.dotfiles/nvim/.config/nvim/init.lua:0
045.434  000.000  000.000: sourcing nvim_exec2() called at /home/andreas/.dotfiles/nvim/.config/nvim/init.lua:0
045.438  000.000  000.000: sourcing nvim_exec2() called at /home/andreas/.dotfiles/nvim/.config/nvim/init.lua:0
045.551  000.085  000.085: sourcing /home/andreas/.local/share/nvim/lazy/telescope.nvim/plugin/telescope.lua
045.552  000.094  000.009: sourcing nvim_exec2() called at /home/andreas/.dotfiles/nvim/.config/nvim/init.lua:0
045.555  000.001  000.001: sourcing nvim_exec2() called at /home/andreas/.dotfiles/nvim/.config/nvim/init.lua:0
045.566  000.000  000.000: sourcing nvim_exec2() called at /home/andreas/.dotfiles/nvim/.config/nvim/init.lua:0
045.808  000.017  000.017: require('plenary.bit')
045.824  000.014  000.014: require('plenary.functional')
045.841  000.080  000.049: require('plenary.path')
045.880  000.013  000.013: require('plenary.compat')
045.883  000.041  000.029: require('plenary.job')
045.966  000.066  000.066: require('plenary.log')
045.975  000.091  000.025: require('telescope.log')
046.004  000.029  000.029: require('plenary.strings')
046.024  000.019  000.019: require('telescope.state')
046.031  000.303  000.043: require('telescope.utils')
046.032  000.323  000.020: require('telescope.previewers.previewer')
046.109  000.016  000.016: require('telescope.deprecated')
046.163  000.053  000.053: require('telescope.sorters')
046.818  000.758  000.689: require('telescope.config')
046.874  000.055  000.055: require('telescope.from_entry')
046.933  000.014  000.014: require('plenary.context_manager')
046.935  000.060  000.046: require('telescope.previewers.utils')
046.946  000.913  000.041: require('telescope.previewers.term_previewer')
047.464  000.467  000.467: require('plenary.filetype')
047.587  000.122  000.122: require('plenary.scandir')
047.606  000.659  000.069: require('telescope.previewers.buffer_previewer')
047.608  002.040  000.144: require('telescope.previewers')
047.650  000.020  000.020: require('telescope._extensions')
047.652  000.043  000.022: require('telescope')
048.088  000.062  000.062: require('fzf_lib')
048.092  000.092  000.030: require('telescope._extensions.fzf')
048.126  000.014  000.014: require('telescope-live-grep-args.prompt_parser')
048.255  000.012  000.012: require('plenary.tbl')
048.257  000.026  000.014: require('plenary.vararg.rotate')
048.258  000.039  000.013: require('plenary.vararg')
048.269  000.011  000.011: require('plenary.errors')
048.271  000.066  000.016: require('plenary.async.async')
048.326  000.014  000.014: require('plenary.async.structs')
048.329  000.032  000.018: require('plenary.async.control')
048.332  000.049  000.016: require('plenary.async.util')
048.333  000.061  000.013: require('plenary.async.tests')
048.334  000.143  000.016: require('plenary.async')
048.373  000.018  000.018: require('plenary.window.border')
048.386  000.013  000.013: require('plenary.window')
048.398  000.011  000.011: require('plenary.popup.utils')
048.399  000.065  000.023: require('plenary.popup')
048.501  000.036  000.036: require('telescope.pickers.scroller')
048.518  000.017  000.017: require('telescope.actions.state')
048.536  000.017  000.017: require('telescope.actions.utils')
048.575  000.019  000.019: require('telescope.actions.mt')
048.581  000.044  000.025: require('telescope.actions.set')
048.619  000.020  000.020: require('telescope.config.resolve')
048.620  000.038  000.018: require('telescope.pickers.entry_display')
048.674  000.274  000.121: require('telescope.actions')
048.695  000.021  000.021: require('telescope.debounce')
048.731  000.034  000.034: require('telescope.mappings')
048.753  000.021  000.021: require('telescope.pickers.highlights')
048.769  000.016  000.016: require('telescope.pickers.window')
048.812  000.021  000.021: require('telescope.algos.linked_list')
048.813  000.044  000.023: require('telescope.entry_manager')
048.834  000.020  000.020: require('telescope.pickers.multi')
048.841  000.715  000.077: require('telescope.pickers')
048.866  000.024  000.024: require('telescope.themes')
048.968  000.078  000.078: require('telescope.make_entry')
048.988  000.019  000.019: require('telescope.finders.async_static_finder')
049.051  000.016  000.016: require('plenary.class')
049.057  000.050  000.035: require('telescope._')
049.058  000.069  000.019: require('telescope.finders.async_oneshot_finder')
049.078  000.020  000.020: require('telescope.finders.async_job_finder')
049.080  000.214  000.028: require('telescope.finders')
049.082  000.986  000.020: require('telescope._extensions.live_grep_args')
049.293  000.140  000.140: sourcing /home/andreas/.local/share/nvim/lazy/vim-move/plugin/move.vim
049.295  000.154  000.014: sourcing nvim_exec2() called at /home/andreas/.dotfiles/nvim/.config/nvim/init.lua:0
049.299  000.001  000.001: sourcing nvim_exec2() called at /home/andreas/.dotfiles/nvim/.config/nvim/init.lua:0
049.303  000.001  000.001: sourcing nvim_exec2() called at /home/andreas/.dotfiles/nvim/.config/nvim/init.lua:0
049.375  000.024  000.024: sourcing /opt/nvim-linux-x86_64/share/nvim/runtime/plugin/editorconfig.lua
049.386  000.043  000.018: sourcing nvim_exec2() called at /home/andreas/.dotfiles/nvim/.config/nvim/init.lua:0
049.473  000.078  000.078: sourcing /opt/nvim-linux-x86_64/share/nvim/runtime/plugin/gzip.vim
049.489  000.100  000.022: sourcing nvim_exec2() called at /home/andreas/.dotfiles/nvim/.config/nvim/init.lua:0
049.519  000.022  000.022: sourcing /opt/nvim-linux-x86_64/share/nvim/runtime/plugin/man.lua
049.520  000.030  000.007: sourcing nvim_exec2() called at /home/andreas/.dotfiles/nvim/.config/nvim/init.lua:0
049.801  000.082  000.082: sourcing /opt/nvim-linux-x86_64/share/nvim/runtime/pack/dist/opt/matchit/plugin/matchit.vim
049.809  000.281  000.199: sourcing /opt/nvim-linux-x86_64/share/nvim/runtime/plugin/matchit.vim
049.810  000.288  000.007: sourcing nvim_exec2() called at /home/andreas/.dotfiles/nvim/.config/nvim/init.lua:0
049.877  000.059  000.059: sourcing /opt/nvim-linux-x86_64/share/nvim/runtime/plugin/matchparen.vim
049.879  000.066  000.008: sourcing nvim_exec2() called at /home/andreas/.dotfiles/nvim/.config/nvim/init.lua:0
049.891  000.004  000.004: sourcing /opt/nvim-linux-x86_64/share/nvim/runtime/plugin/netrwPlugin.vim
049.892  000.011  000.007: sourcing nvim_exec2() called at /home/andreas/.dotfiles/nvim/.config/nvim/init.lua:0
049.924  000.025  000.025: sourcing /opt/nvim-linux-x86_64/share/nvim/runtime/plugin/nvim/net.lua
049.926  000.032  000.007: sourcing nvim_exec2() called at /home/andreas/.dotfiles/nvim/.config/nvim/init.lua:0
049.975  000.040  000.040: sourcing /opt/nvim-linux-x86_64/share/nvim/runtime/plugin/nvim/spellfile.lua
049.976  000.048  000.008: sourcing nvim_exec2() called at /home/andreas/.dotfiles/nvim/.config/nvim/init.lua:0
050.014  000.031  000.031: sourcing /opt/nvim-linux-x86_64/share/nvim/runtime/plugin/osc52.lua
050.016  000.038  000.007: sourcing nvim_exec2() called at /home/andreas/.dotfiles/nvim/.config/nvim/init.lua:0
050.090  000.066  000.066: sourcing /opt/nvim-linux-x86_64/share/nvim/runtime/plugin/rplugin.vim
050.092  000.074  000.007: sourcing nvim_exec2() called at /home/andreas/.dotfiles/nvim/.config/nvim/init.lua:0
050.132  000.033  000.033: sourcing /opt/nvim-linux-x86_64/share/nvim/runtime/plugin/shada.lua
050.134  000.040  000.007: sourcing nvim_exec2() called at /home/andreas/.dotfiles/nvim/.config/nvim/init.lua:0
050.187  000.044  000.044: sourcing /opt/nvim-linux-x86_64/share/nvim/runtime/plugin/tarPlugin.vim
050.188  000.052  000.009: sourcing nvim_exec2() called at /home/andreas/.dotfiles/nvim/.config/nvim/init.lua:0
050.214  000.019  000.019: sourcing /opt/nvim-linux-x86_64/share/nvim/runtime/plugin/tohtml.lua
050.215  000.026  000.007: sourcing nvim_exec2() called at /home/andreas/.dotfiles/nvim/.config/nvim/init.lua:0
050.231  000.008  000.008: sourcing /opt/nvim-linux-x86_64/share/nvim/runtime/plugin/tutor.vim
050.232  000.015  000.007: sourcing nvim_exec2() called at /home/andreas/.dotfiles/nvim/.config/nvim/init.lua:0
050.291  000.052  000.052: sourcing /opt/nvim-linux-x86_64/share/nvim/runtime/plugin/zipPlugin.vim
050.292  000.059  000.007: sourcing nvim_exec2() called at /home/andreas/.dotfiles/nvim/.config/nvim/init.lua:0
050.402  000.026  000.026: require('cmp_luasnip')
050.451  000.089  000.063: sourcing /home/andreas/.local/share/nvim/lazy/cmp_luasnip/after/plugin/cmp_luasnip.lua
050.453  000.099  000.010: sourcing nvim_exec2() called at /home/andreas/.dotfiles/nvim/.config/nvim/init.lua:0
050.519  000.024  000.024: require('cmp_vsnip')
050.554  000.073  000.049: sourcing /home/andreas/.local/share/nvim/lazy/cmp-vsnip/after/plugin/cmp_vsnip.lua
050.555  000.091  000.018: sourcing nvim_exec2() called at /home/andreas/.dotfiles/nvim/.config/nvim/init.lua:0
050.645  000.056  000.056: require('cmp_cmdline')
050.693  000.115  000.059: sourcing /home/andreas/.local/share/nvim/lazy/cmp-cmdline/after/plugin/cmp_cmdline.lua
050.698  000.131  000.016: sourcing nvim_exec2() called at /home/andreas/.dotfiles/nvim/.config/nvim/init.lua:0
050.805  000.038  000.038: require('cmp_path')
050.836  000.092  000.053: sourcing /home/andreas/.local/share/nvim/lazy/cmp-path/after/plugin/cmp_path.lua
050.838  000.113  000.021: sourcing nvim_exec2() called at /home/andreas/.dotfiles/nvim/.config/nvim/init.lua:0
050.938  000.014  000.014: require('cmp_buffer.timer')
050.940  000.035  000.021: require('cmp_buffer.buffer')
050.941  000.057  000.021: require('cmp_buffer.source')
050.942  000.072  000.015: require('cmp_buffer')
050.961  000.102  000.031: sourcing /home/andreas/.local/share/nvim/lazy/cmp-buffer/after/plugin/cmp_buffer.lua
050.963  000.113  000.010: sourcing nvim_exec2() called at /home/andreas/.dotfiles/nvim/.config/nvim/init.lua:0
050.996  000.018  000.018: sourcing /home/andreas/.local/share/nvim/lazy/cmp-nvim-lsp/after/plugin/cmp_nvim_lsp.lua
050.997  000.026  000.009: sourcing nvim_exec2() called at /home/andreas/.dotfiles/nvim/.config/nvim/init.lua:0
052.572  001.026  001.026: sourcing /home/andreas/.local/share/nvim/lazy/gruvbox.nvim/colors/gruvbox.lua
052.604  000.012  000.012: sourcing nvim_exec2() called at ColorScheme Autocommands for "*":0
052.881  000.007  000.007: sourcing nvim_exec2() called at ColorScheme Autocommands for "*":0
053.147  000.036  000.036: require('lualine.themes.gruvbox_dark')
053.151  000.002  000.002: sourcing nvim_exec2() called at ColorScheme Autocommands for "*":0
053.153  000.001  000.001: sourcing nvim_exec2() called at ColorScheme Autocommands for "*":0
053.154  000.001  000.001: sourcing nvim_exec2() called at ColorScheme Autocommands for "*":0
053.156  000.001  000.001: sourcing nvim_exec2() called at ColorScheme Autocommands for "*":0
053.157  000.001  000.001: sourcing nvim_exec2() called at ColorScheme Autocommands for "*":0
053.158  000.001  000.001: sourcing nvim_exec2() called at ColorScheme Autocommands for "*":0
053.160  000.001  000.001: sourcing nvim_exec2() called at ColorScheme Autocommands for "*":0
053.161  000.001  000.001: sourcing nvim_exec2() called at ColorScheme Autocommands for "*":0
053.162  000.001  000.001: sourcing nvim_exec2() called at ColorScheme Autocommands for "*":0
053.164  000.001  000.001: sourcing nvim_exec2() called at ColorScheme Autocommands for "*":0
053.165  000.001  000.001: sourcing nvim_exec2() called at ColorScheme Autocommands for "*":0
053.167  000.001  000.001: sourcing nvim_exec2() called at ColorScheme Autocommands for "*":0
053.168  000.001  000.001: sourcing nvim_exec2() called at ColorScheme Autocommands for "*":0
053.170  000.001  000.001: sourcing nvim_exec2() called at ColorScheme Autocommands for "*":0
053.171  000.001  000.001: sourcing nvim_exec2() called at ColorScheme Autocommands for "*":0
053.173  000.001  000.001: sourcing nvim_exec2() called at ColorScheme Autocommands for "*":0
053.175  000.001  000.001: sourcing nvim_exec2() called at ColorScheme Autocommands for "*":0
053.176  000.001  000.001: sourcing nvim_exec2() called at ColorScheme Autocommands for "*":0
053.192  000.001  000.001: sourcing nvim_exec2() called at ColorScheme Autocommands for "*":0
053.194  000.001  000.001: sourcing nvim_exec2() called at ColorScheme Autocommands for "*":0
053.200  000.001  000.001: sourcing nvim_exec2() called at ColorScheme Autocommands for "*":0
053.202  000.001  000.001: sourcing nvim_exec2() called at ColorScheme Autocommands for "*":0
053.203  000.001  000.001: sourcing nvim_exec2() called at ColorScheme Autocommands for "*":0
053.204  000.001  000.001: sourcing nvim_exec2() called at ColorScheme Autocommands for "*":0
053.206  000.001  000.001: sourcing nvim_exec2() called at ColorScheme Autocommands for "*":0
053.207  000.001  000.001: sourcing nvim_exec2() called at ColorScheme Autocommands for "*":0
053.209  000.001  000.001: sourcing nvim_exec2() called at ColorScheme Autocommands for "*":0
053.210  000.001  000.001: sourcing nvim_exec2() called at ColorScheme Autocommands for "*":0
053.212  000.001  000.001: sourcing nvim_exec2() called at ColorScheme Autocommands for "*":0
053.213  000.001  000.001: sourcing nvim_exec2() called at ColorScheme Autocommands for "*":0
053.215  000.001  000.001: sourcing nvim_exec2() called at ColorScheme Autocommands for "*":0
053.228  000.001  000.001: sourcing nvim_exec2() called at ColorScheme Autocommands for "*":0
053.229  000.001  000.001: sourcing nvim_exec2() called at ColorScheme Autocommands for "*":0
053.231  000.001  000.001: sourcing nvim_exec2() called at ColorScheme Autocommands for "*":0
053.232  000.001  000.001: sourcing nvim_exec2() called at ColorScheme Autocommands for "*":0
053.233  000.001  000.001: sourcing nvim_exec2() called at ColorScheme Autocommands for "*":0
053.235  000.001  000.001: sourcing nvim_exec2() called at ColorScheme Autocommands for "*":0
053.236  000.001  000.001: sourcing nvim_exec2() called at ColorScheme Autocommands for "*":0
053.237  000.001  000.001: sourcing nvim_exec2() called at ColorScheme Autocommands for "*":0
053.239  000.001  000.001: sourcing nvim_exec2() called at ColorScheme Autocommands for "*":0
053.240  000.001  000.001: sourcing nvim_exec2() called at ColorScheme Autocommands for "*":0
053.241  000.001  000.001: sourcing nvim_exec2() called at ColorScheme Autocommands for "*":0
053.243  000.001  000.001: sourcing nvim_exec2() called at ColorScheme Autocommands for "*":0
053.244  000.001  000.001: sourcing nvim_exec2() called at ColorScheme Autocommands for "*":0
053.245  000.001  000.001: sourcing nvim_exec2() called at ColorScheme Autocommands for "*":0
053.247  000.001  000.001: sourcing nvim_exec2() called at ColorScheme Autocommands for "*":0
053.249  000.001  000.001: sourcing nvim_exec2() called at ColorScheme Autocommands for "*":0
053.250  000.001  000.001: sourcing nvim_exec2() called at ColorScheme Autocommands for "*":0
053.251  000.001  000.001: sourcing nvim_exec2() called at ColorScheme Autocommands for "*":0
053.253  000.001  000.001: sourcing nvim_exec2() called at ColorScheme Autocommands for "*":0
053.254  000.001  000.001: sourcing nvim_exec2() called at ColorScheme Autocommands for "*":0
053.255  000.001  000.001: sourcing nvim_exec2() called at ColorScheme Autocommands for "*":0
053.257  000.001  000.001: sourcing nvim_exec2() called at ColorScheme Autocommands for "*":0
053.258  000.001  000.001: sourcing nvim_exec2() called at ColorScheme Autocommands for "*":0
053.259  000.001  000.001: sourcing nvim_exec2() called at ColorScheme Autocommands for "*":0
053.260  000.001  000.001: sourcing nvim_exec2() called at ColorScheme Autocommands for "*":0
053.262  000.001  000.001: sourcing nvim_exec2() called at ColorScheme Autocommands for "*":0
053.263  000.001  000.001: sourcing nvim_exec2() called at ColorScheme Autocommands for "*":0
053.265  000.001  000.001: sourcing nvim_exec2() called at ColorScheme Autocommands for "*":0
053.266  000.001  000.001: sourcing nvim_exec2() called at ColorScheme Autocommands for "*":0
053.267  000.001  000.001: sourcing nvim_exec2() called at ColorScheme Autocommands for "*":0
053.269  000.001  000.001: sourcing nvim_exec2() called at ColorScheme Autocommands for "*":0
053.270  000.001  000.001: sourcing nvim_exec2() called at ColorScheme Autocommands for "*":0
053.271  000.001  000.001: sourcing nvim_exec2() called at ColorScheme Autocommands for "*":0
053.273  000.001  000.001: sourcing nvim_exec2() called at ColorScheme Autocommands for "*":0
053.274  000.001  000.001: sourcing nvim_exec2() called at ColorScheme Autocommands for "*":0
053.276  000.001  000.001: sourcing nvim_exec2() called at ColorScheme Autocommands for "*":0
053.277  000.001  000.001: sourcing nvim_exec2() called at ColorScheme Autocommands for "*":0
053.278  000.001  000.001: sourcing nvim_exec2() called at ColorScheme Autocommands for "*":0
053.279  000.001  000.001: sourcing nvim_exec2() called at ColorScheme Autocommands for "*":0
053.287  000.002  000.002: sourcing nvim_exec2() called at ColorScheme Autocommands for "*":0
053.292  000.001  000.001: sourcing nvim_exec2() called at ColorScheme Autocommands for "*":0
053.296  000.001  000.001: sourcing nvim_exec2() called at ColorScheme Autocommands for "*":0
053.341  000.001  000.001: sourcing nvim_exec2() called at ColorScheme Autocommands for "*":0
053.346  000.001  000.001: sourcing nvim_exec2() called at ColorScheme Autocommands for "*":0
053.391  000.001  000.001: sourcing nvim_exec2() called at ColorScheme Autocommands for "*":0
053.395  000.001  000.001: sourcing nvim_exec2() called at ColorScheme Autocommands for "*":0
053.399  000.001  000.001: sourcing nvim_exec2() called at ColorScheme Autocommands for "*":0
053.402  000.001  000.001: sourcing nvim_exec2() called at ColorScheme Autocommands for "*":0
053.405  000.001  000.001: sourcing nvim_exec2() called at ColorScheme Autocommands for "*":0
053.408  000.001  000.001: sourcing nvim_exec2() called at ColorScheme Autocommands for "*":0
053.411  000.001  000.001: sourcing nvim_exec2() called at ColorScheme Autocommands for "*":0
053.414  000.001  000.001: sourcing nvim_exec2() called at ColorScheme Autocommands for "*":0
053.416  000.001  000.001: sourcing nvim_exec2() called at ColorScheme Autocommands for "*":0
053.419  000.001  000.001: sourcing nvim_exec2() called at ColorScheme Autocommands for "*":0
053.422  000.001  000.001: sourcing nvim_exec2() called at ColorScheme Autocommands for "*":0
053.424  000.001  000.001: sourcing nvim_exec2() called at ColorScheme Autocommands for "*":0
053.428  000.001  000.001: sourcing nvim_exec2() called at ColorScheme Autocommands for "*":0
053.435  000.006  000.006: sourcing nvim_exec2() called at ColorScheme Autocommands for "*":0
053.501  000.003  000.003: sourcing nvim_exec2() called at ColorScheme Autocommands for "*":0
053.505  000.002  000.002: sourcing nvim_exec2() called at ColorScheme Autocommands for "*":0
053.538  000.001  000.001: sourcing nvim_exec2() called at ColorScheme Autocommands for "*":0
053.541  000.001  000.001: sourcing nvim_exec2() called at ColorScheme Autocommands for "*":0
053.544  000.001  000.001: sourcing nvim_exec2() called at ColorScheme Autocommands for "*":0
053.547  000.001  000.001: sourcing nvim_exec2() called at ColorScheme Autocommands for "*":0
053.563  000.001  000.001: sourcing nvim_exec2() called at ColorScheme Autocommands for "*":0
053.567  000.001  000.001: sourcing nvim_exec2() called at ColorScheme Autocommands for "*":0
053.570  000.001  000.001: sourcing nvim_exec2() called at ColorScheme Autocommands for "*":0
053.574  000.001  000.001: sourcing nvim_exec2() called at ColorScheme Autocommands for "*":0
053.577  000.001  000.001: sourcing nvim_exec2() called at ColorScheme Autocommands for "*":0
053.580  000.001  000.001: sourcing nvim_exec2() called at ColorScheme Autocommands for "*":0
053.591  000.001  000.001: sourcing nvim_exec2() called at ColorScheme Autocommands for "*":0
053.600  000.001  000.001: sourcing nvim_exec2() called at ColorScheme Autocommands for "*":0
053.611  000.001  000.001: sourcing nvim_exec2() called at ColorScheme Autocommands for "*":0
053.619  000.001  000.001: sourcing nvim_exec2() called at ColorScheme Autocommands for "*":0
053.635  000.001  000.001: sourcing nvim_exec2() called at ColorScheme Autocommands for "*":0
053.638  000.001  000.001: sourcing nvim_exec2() called at ColorScheme Autocommands for "*":0
053.640  000.001  000.001: sourcing nvim_exec2() called at ColorScheme Autocommands for "*":0
053.645  000.001  000.001: sourcing nvim_exec2() called at ColorScheme Autocommands for "*":0
053.647  000.001  000.001: sourcing nvim_exec2() called at ColorScheme Autocommands for "*":0
053.650  000.001  000.001: sourcing nvim_exec2() called at ColorScheme Autocommands for "*":0
053.653  000.001  000.001: sourcing nvim_exec2() called at ColorScheme Autocommands for "*":0
053.658  000.003  000.003: sourcing nvim_exec2() called at ColorScheme Autocommands for "*":0
053.661  000.001  000.001: sourcing nvim_exec2() called at ColorScheme Autocommands for "*":0
053.663  000.001  000.001: sourcing nvim_exec2() called at ColorScheme Autocommands for "*":0
053.666  000.001  000.001: sourcing nvim_exec2() called at ColorScheme Autocommands for "*":0
054.737  000.015  000.015: sourcing nvim_exec2() called at ColorScheme Autocommands for "*":0
054.755  000.003  000.003: sourcing nvim_exec2() called at ColorScheme Autocommands for "*":0
054.789  000.002  000.002: sourcing nvim_exec2() called at ColorScheme Autocommands for "*":0
054.797  000.002  000.002: sourcing nvim_exec2() called at ColorScheme Autocommands for "*":0
054.803  000.002  000.002: sourcing nvim_exec2() called at ColorScheme Autocommands for "*":0
054.812  000.002  000.002: sourcing nvim_exec2() called at ColorScheme Autocommands for "*":0
054.819  000.002  000.002: sourcing nvim_exec2() called at ColorScheme Autocommands for "*":0
054.836  000.006  000.006: sourcing nvim_exec2() called at ColorScheme Autocommands for "*":0
054.842  000.002  000.002: sourcing nvim_exec2() called at ColorScheme Autocommands for "*":0
054.848  000.002  000.002: sourcing nvim_exec2() called at ColorScheme Autocommands for "*":0
054.855  000.002  000.002: sourcing nvim_exec2() called at ColorScheme Autocommands for "*":0
054.861  000.002  000.002: sourcing nvim_exec2() called at ColorScheme Autocommands for "*":0
054.868  000.002  000.002: sourcing nvim_exec2() called at ColorScheme Autocommands for "*":0
054.874  000.002  000.002: sourcing nvim_exec2() called at ColorScheme Autocommands for "*":0
054.884  000.002  000.002: sourcing nvim_exec2() called at ColorScheme Autocommands for "*":0
054.890  000.002  000.002: sourcing nvim_exec2() called at ColorScheme Autocommands for "*":0
054.895  000.002  000.002: sourcing nvim_exec2() called at ColorScheme Autocommands for "*":0
054.901  000.002  000.002: sourcing nvim_exec2() called at ColorScheme Autocommands for "*":0
054.906  000.002  000.002: sourcing nvim_exec2() called at ColorScheme Autocommands for "*":0
054.911  000.002  000.002: sourcing nvim_exec2() called at ColorScheme Autocommands for "*":0
054.917  000.002  000.002: sourcing nvim_exec2() called at ColorScheme Autocommands for "*":0
054.924  000.002  000.002: sourcing nvim_exec2() called at ColorScheme Autocommands for "*":0
054.930  000.002  000.002: sourcing nvim_exec2() called at ColorScheme Autocommands for "*":0
054.935  000.002  000.002: sourcing nvim_exec2() called at ColorScheme Autocommands for "*":0
054.940  000.002  000.002: sourcing nvim_exec2() called at ColorScheme Autocommands for "*":0
054.949  000.002  000.002: sourcing nvim_exec2() called at ColorScheme Autocommands for "*":0
054.954  000.002  000.002: sourcing nvim_exec2() called at ColorScheme Autocommands for "*":0
054.959  000.002  000.002: sourcing nvim_exec2() called at ColorScheme Autocommands for "*":0
056.322  005.262  004.018: sourcing nvim_exec2() called at /home/andreas/.dotfiles/nvim/.config/nvim/init.lua:0
056.484  000.024  000.024: sourcing /home/andreas/.local/share/nvim/lazy/nvim-treesitter/autoload/nvim_treesitter.vim
056.624  000.092  000.092: require('nvim-treesitter.fold')
056.813  000.018  000.018: sourcing nvim_exec2() called at /home/andreas/.dotfiles/nvim/.config/nvim/init.lua:0
056.817  005.802  000.406: require('config.options')
057.031  000.211  000.211: require('config.keymaps')
057.032  055.207  018.298: sourcing /home/andreas/.config/nvim/init.lua
057.039  000.224: sourcing vimrc file(s)
057.165  000.021  000.021: sourcing /opt/nvim-linux-x86_64/share/nvim/runtime/filetype.lua
057.311  000.040  000.040: sourcing /opt/nvim-linux-x86_64/share/nvim/runtime/syntax/synload.vim
057.360  000.159  000.120: sourcing /opt/nvim-linux-x86_64/share/nvim/runtime/syntax/syntax.vim
057.368  000.148: inits 3
058.139  000.772: reading ShaDa
058.313  000.002  000.002: sourcing nvim_exec2() called at BufReadPre Autocommands for "*":0
058.318  000.001  000.001: sourcing nvim_exec2() called at BufReadPre Autocommands for "*":0
058.697  000.101  000.101: require('ibl.utils')
058.862  000.296  000.195: require('ibl.config')
058.940  000.020  000.020: require('ibl.indent')
058.944  000.082  000.061: require('ibl.hooks')
058.945  000.397  000.020: require('ibl.highlights')
058.966  000.020  000.020: require('ibl.autocmds')
059.000  000.034  000.034: require('ibl.inlay_hints')
059.049  000.049  000.049: require('ibl.virt_text')
059.308  000.234  000.234: require('ibl.scope_languages')
059.309  000.259  000.025: require('ibl.scope')
059.313  000.946  000.188: require('ibl')
059.325  000.982  000.037: sourcing /home/andreas/.local/share/nvim/lazy/indent-blankline.nvim/after/plugin/commands.lua
059.327  000.996  000.013: sourcing nvim_exec2() called at BufReadPre Autocommands for "*":0
059.717  000.156  000.156: require('vim.lsp.completion')
059.775  000.295  000.139: require('vim.lsp.handlers')
060.783  000.060  000.060: sourcing /opt/nvim-linux-x86_64/share/nvim/runtime/ftplugin/lua.vim
062.728  000.239  000.239: require('vim.treesitter.highlighter')
063.965  003.173  002.933: sourcing /opt/nvim-linux-x86_64/share/nvim/runtime/ftplugin/lua.lua
064.450  000.026  000.026: sourcing /opt/nvim-linux-x86_64/share/nvim/runtime/indent/lua.vim
064.988  000.168  000.168: require('vim.lsp.client')
066.595  000.282  000.282: require('vim.lsp._capability')
066.640  000.555  000.273: require('vim.lsp.semantic_tokens')
066.833  000.192  000.192: require('vim.lsp._folding_range')
067.146  000.219  000.219: require('vim.lsp._snippet_grammar')
067.155  000.321  000.102: require('vim.lsp.inline_completion')
068.231  000.053  000.053: require('luasnip.util.directed_graph')
068.257  000.024  000.024: require('luasnip.session.enqueueable_operations')
068.261  000.149  000.071: require('luasnip.loaders.from_lua')
068.564  000.037  000.037: require('luasnip.util.events')
068.573  000.136  000.099: require('luasnip.nodes.node')
068.629  000.056  000.056: require('luasnip.nodes.insertNode')
068.666  000.036  000.036: require('luasnip.nodes.textNode')
068.700  000.033  000.033: require('luasnip.util.mark')
068.729  000.028  000.028: require('luasnip.util.pattern_tokenizer')
068.752  000.022  000.022: require('luasnip.util.dict')
068.952  000.178  000.178: require('luasnip.util.jsregexp')
068.956  000.203  000.025: require('luasnip.nodes.util.trig_engines')
068.995  000.629  000.114: require('luasnip.nodes.snippet')
068.997  000.655  000.026: require('luasnip.nodes.duplicate')
069.001  000.698  000.043: require('luasnip.loaders.snippet_cache')
069.008  000.745  000.048: require('luasnip.loaders.from_snipmate')
069.247  000.050  000.050: require('luasnip.util.parser.neovim_ast')
069.284  000.037  000.037: require('luasnip.util.str')
069.390  000.103  000.103: require('luasnip.util.jsregexp')
069.395  000.235  000.046: require('luasnip.util.parser.ast_utils')
069.436  000.041  000.041: require('luasnip.nodes.functionNode')
069.531  000.094  000.094: require('luasnip.nodes.choiceNode')
069.593  000.061  000.061: require('luasnip.nodes.dynamicNode')
069.620  000.026  000.026: require('luasnip.util.functions')
069.625  000.498  000.041: require('luasnip.util.parser.ast_parser')
069.727  000.102  000.102: require('luasnip.util.parser.neovim_parser')
069.730  000.654  000.053: require('luasnip.util.parser')
069.803  000.071  000.071: require('luasnip.nodes.snippetProxy')
069.890  000.085  000.085: require('luasnip.util.jsonc')
069.896  000.887  000.077: require('luasnip.loaders.from_vscode')
070.310  000.074  000.074: require('vim.treesitter._fold')
071.481  000.045  000.045: require('gitsigns.status')
071.591  000.073  000.073: require('gitsigns.util')
071.717  000.032  000.032: require('gitsigns.system')
071.719  000.071  000.038: require('gitsigns.git.cmd')
071.768  000.024  000.024: require('gitsigns.message')
071.770  000.050  000.026: require('gitsigns.git.version')
071.775  000.183  000.062: require('gitsigns.git.repo')
071.778  000.293  000.037: require('gitsigns.git')
071.810  000.032  000.032: require('gitsigns.cache')
071.907  000.043  000.043: require('gitsigns.diff')
071.956  000.048  000.048: require('gitsigns.hunks')
071.989  000.033  000.033: require('gitsigns.signs')
071.996  000.185  000.061: require('gitsigns.manager')
072.003  000.629  000.074: require('gitsigns.attach')
072.069  000.047  000.047: require('gitsigns.current_line_blame')
073.006  000.100  000.100: require('editorconfig')
073.149  006.592: opening buffers
073.221  000.052  000.052: require('bufferline.state')
073.813  000.611: BufEnter autocommands
073.817  000.004: editing files in windows
074.559  000.742: VimEnter autocommands
074.744  000.185: UIEnter autocommands
074.999  000.170  000.170: sourcing /opt/nvim-linux-x86_64/share/nvim/runtime/autoload/provider/clipboard.vim
075.003  000.089: before starting main loop
075.658  000.039  000.039: require('bufferline.pick')
075.697  000.036  000.036: require('bufferline.duplicates')
075.771  000.006  000.006: sourcing nvim_exec2()
075.780  000.082  000.077: require('bufferline.diagnostics')
075.881  000.100  000.100: require('bufferline.models')
075.882  000.325  000.067: require('bufferline.buffers')
076.606  000.597  000.597: require('bufferline.numbers')
077.137  000.197  000.197: require('bufferline.sorters')
077.347  000.185  000.185: require('bufferline.tabpages')
077.535  000.155  000.155: require('bufferline.offset')
077.636  000.099  000.099: require('bufferline.custom_area')
078.096  000.114  000.114: require('vim.hl')
081.918  005.242: first screen update
081.920  000.002: --- NVIM STARTED ---

